<?xml version="1.0" encoding="UTF-8"?>
<!-- Generated by org.testng.reporters.JUnitReportReporter -->
<testsuite hostname="LatituteE7340" failures="0" tests="1" name="restassured_BDD.CRUD_On_Local_Server" time="3.705" errors="0" timestamp="2022-01-07T20:38:19 IST" skipped="0">
  <testcase classname="restassured_BDD.CRUD_On_Local_Server" name="PatchRequest" time="3.705"/>
  <system-out/>
</testsuite> <!-- restassured_BDD.CRUD_On_Local_Server -->
