<?xml version="1.0" encoding="UTF-8"?>
<!-- Generated by org.testng.reporters.JUnitReportReporter -->
<testsuite hostname="LatituteE7340" failures="0" tests="1" name="restassured_BDD.GET_Request" time="5.186" errors="0" timestamp="2022-01-07T23:12:38 IST" skipped="0">
  <testcase classname="restassured_BDD.GET_Request" name="GetUserDepartmentId" time="5.186"/>
  <system-out/>
</testsuite> <!-- restassured_BDD.GET_Request -->
