<?xml version="1.0" encoding="UTF-8"?>
<!-- Generated by org.testng.reporters.JUnitReportReporter -->
<testsuite hostname="anshsonp01-mac" failures="0" tests="1" name="restassured_BDD.test" time="0.005" errors="0" timestamp="2022-01-05T17:26:30 IST" skipped="0">
  <testcase classname="restassured_BDD.test" name="testa" time="0.005"/>
  <system-out/>
</testsuite> <!-- restassured_BDD.test -->
