<?xml version="1.0" encoding="UTF-8"?>
<!-- Generated by org.testng.reporters.JUnitReportReporter -->
<testsuite hostname="LatituteE7340" failures="0" tests="1" name="restassured_BDD.CRUD_On_Local_Server" time="5.630" errors="0" timestamp="2022-01-07T22:56:11 IST" skipped="0">
  <testcase classname="restassured_BDD.CRUD_On_Local_Server" name="PutRequest" time="5.630"/>
  <system-out/>
</testsuite> <!-- restassured_BDD.CRUD_On_Local_Server -->
