<?xml version="1.0" encoding="UTF-8"?>
<!-- Generated by org.testng.reporters.JUnitReportReporter -->
<testsuite hostname="anshsonp01-mac" failures="0" tests="1" name="restassured_BDD.POST_Request" time="3.464" errors="0" timestamp="2022-01-05T20:35:25 IST" skipped="0">
  <testcase classname="restassured_BDD.POST_Request" name="PostRequest" time="3.464"/>
  <system-out/>
</testsuite> <!-- restassured_BDD.POST_Request -->
