<?xml version="1.0" encoding="UTF-8"?>
<!-- Generated by org.testng.reporters.JUnitReportReporter -->
<testsuite hostname="anshsonp01-mac" failures="0" tests="1" name="restassured_BDD.PUT_PATCH_DELETE" time="3.153" errors="0" timestamp="2022-01-05T21:50:47 IST" skipped="0">
  <testcase classname="restassured_BDD.PUT_PATCH_DELETE" name="PatchRequest" time="3.153"/>
  <system-out/>
</testsuite> <!-- restassured_BDD.PUT_PATCH_DELETE -->
